<?xml version="1.0" encoding="UTF-8" ?>
<testsuite failures="0" time="0.249" errors="0" skipped="0" tests="2" name="com.marsapps.iautomech.web.controller.ManufacturerControllerTest">
  <properties>
    <property name="java.runtime.name" value="Java(TM) SE Runtime Environment"/>
    <property name="sun.boot.library.path" value="C:\Program Files\Java\jdk1.6.0_34\jre\bin"/>
    <property name="java.vm.version" value="20.9-b04"/>
    <property name="java.vm.vendor" value="Sun Microsystems Inc."/>
    <property name="java.vendor.url" value="http://java.sun.com/"/>
    <property name="path.separator" value=";"/>
    <property name="guice.disable.misplaced.annotation.check" value="true"/>
    <property name="java.vm.name" value="Java HotSpot(TM) Client VM"/>
    <property name="file.encoding.pkg" value="sun.io"/>
    <property name="user.country" value="AU"/>
    <property name="sun.java.launcher" value="SUN_STANDARD"/>
    <property name="sun.os.patch.level" value="Service Pack 1"/>
    <property name="java.vm.specification.name" value="Java Virtual Machine Specification"/>
    <property name="user.dir" value="D:\dev\projects\iautomech"/>
    <property name="java.runtime.version" value="1.6.0_34-b04"/>
    <property name="java.awt.graphicsenv" value="sun.awt.Win32GraphicsEnvironment"/>
    <property name="java.endorsed.dirs" value="C:\Program Files\Java\jdk1.6.0_34\jre\lib\endorsed"/>
    <property name="os.arch" value="x86"/>
    <property name="java.io.tmpdir" value="C:\Users\ortegm\AppData\Local\Temp\"/>
    <property name="line.separator" value="
"/>
    <property name="java.vm.specification.vendor" value="Sun Microsystems Inc."/>
    <property name="user.variant" value=""/>
    <property name="os.name" value="Windows 7"/>
    <property name="classworlds.conf" value="C:\work\dev\tools\apache-maven-3.2.1-bin\bin\m2.conf"/>
    <property name="sun.jnu.encoding" value="Cp1252"/>
    <property name="java.library.path" value="C:\Program Files\Java\jdk1.6.0_34\bin;C:\Windows\Sun\Java\bin;C:\Windows\system32;C:\Windows;C:\Program Files\PHP\;C:\Windows\system32;C:\Windows;C:\Windows\System32\Wbem;C:\Windows\System32\WindowsPowerShell\v1.0\;&quot;C:\Program Files\Common Files\EMC&quot;;C:\Program Files\Microsoft Application Virtualization Client;C:\Program Files\IBM\CICS Transaction Gateway\bin;C:\ORANT\ora11g\bin;C:\Program Files\IBM\IBM CICS Universal Client\bin;C:\ORANT\ora9i\bin;C:\Program Files\Oracle\jre\1.1.8\bin;C:\Program Files\Common Files\OTG;C:\Windows\system32\;C:\Windows\system32\Wbem;C:\Program Files\ManageSoft\Common;GLISH;C:\ORANT\bin;C:\Program Files\IBM\IBM CICS Transaction Gateway\BIN;C:\Program Files\TortoiseSVN\bin;C:\Program Files\Java\jdk1.6.0_34\bin;C:\Program Files\MySQL\MySQL Server 5.5\bin;C:\work\dev\tools\Apache24\bin;C:\work\dev\tools\php;C:\Program Files\jEdit;C:\work\dev\tools\apache-maven-3.2.1-bin\bin;."/>
    <property name="java.specification.name" value="Java Platform API Specification"/>
    <property name="java.class.version" value="50.0"/>
    <property name="sun.management.compiler" value="HotSpot Client Compiler"/>
    <property name="os.version" value="6.1"/>
    <property name="user.home" value="C:\Users\ortegm"/>
    <property name="user.timezone" value="Australia/Sydney"/>
    <property name="java.awt.printerjob" value="sun.awt.windows.WPrinterJob"/>
    <property name="file.encoding" value="Cp1252"/>
    <property name="java.specification.version" value="1.6"/>
    <property name="user.name" value="ortegm"/>
    <property name="java.class.path" value="C:\work\dev\tools\apache-maven-3.2.1-bin\boot\plexus-classworlds-2.5.1.jar"/>
    <property name="org.slf4j.simpleLogger.defaultLogLevel" value="info"/>
    <property name="java.vm.specification.version" value="1.0"/>
    <property name="sun.arch.data.model" value="32"/>
    <property name="java.home" value="C:\Program Files\Java\jdk1.6.0_34\jre"/>
    <property name="sun.java.command" value="org.codehaus.plexus.classworlds.launcher.Launcher tomcat7:deploy"/>
    <property name="java.specification.vendor" value="Sun Microsystems Inc."/>
    <property name="user.language" value="en"/>
    <property name="awt.toolkit" value="sun.awt.windows.WToolkit"/>
    <property name="java.vm.info" value="mixed mode, sharing"/>
    <property name="java.version" value="1.6.0_34"/>
    <property name="java.ext.dirs" value="C:\Program Files\Java\jdk1.6.0_34\jre\lib\ext;C:\Windows\Sun\Java\lib\ext"/>
    <property name="sun.boot.class.path" value="C:\Program Files\Java\jdk1.6.0_34\jre\lib\resources.jar;C:\Program Files\Java\jdk1.6.0_34\jre\lib\rt.jar;C:\Program Files\Java\jdk1.6.0_34\jre\lib\sunrsasign.jar;C:\Program Files\Java\jdk1.6.0_34\jre\lib\jsse.jar;C:\Program Files\Java\jdk1.6.0_34\jre\lib\jce.jar;C:\Program Files\Java\jdk1.6.0_34\jre\lib\charsets.jar;C:\Program Files\Java\jdk1.6.0_34\jre\lib\modules\jdk.boot.jar;C:\Program Files\Java\jdk1.6.0_34\jre\classes"/>
    <property name="java.vendor" value="Sun Microsystems Inc."/>
    <property name="maven.home" value="C:\work\dev\tools\apache-maven-3.2.1-bin"/>
    <property name="file.separator" value="\"/>
    <property name="java.vendor.url.bug" value="http://java.sun.com/cgi-bin/bugreport.cgi"/>
    <property name="sun.cpu.endian" value="little"/>
    <property name="sun.io.unicode.encoding" value="UnicodeLittle"/>
    <property name="sun.desktop" value="windows"/>
    <property name="sun.cpu.isalist" value="pentium_pro+mmx pentium_pro pentium+mmx pentium i486 i386 i86"/>
  </properties>
  <testcase time="0.187" classname="com.marsapps.iautomech.web.controller.ManufacturerControllerTest" name="testListManufacturer"/>
  <testcase time="0.062" classname="com.marsapps.iautomech.web.controller.ManufacturerControllerTest" name="testShowHome"/>
</testsuite>